<?xml version="1.0" encoding="UTF-8" ?>
<testsuite tests="2" failures="0" name="Runners.RunnerTest" time="72.339" errors="2" skipped="0">
  <properties>
[...]
</properties>
  <testcase classname="Como usuario eu quero preencher e enviar os formularios do Automobile e por fim receber a mensagem de sucesso" name="Preencher e enviar os formularios do Automobile para entao validar a mensagem de sucesso" time="39.001">
    <error message="Expected condition failed: waiting for visibility of all elements located by By.xpath: //input[@id=&apos;selectsilver&apos;]/../span (tried for 10 second(s) with 500 milliseconds interval)
Build info: version: &apos;3.141.59&apos;, revision: &apos;e82be7d358&apos;, time: &apos;2018-11-14T08:17:03&apos;
System info: host: &apos;CPX-VQI6RIF19M6&apos;, ip: &apos;192.168.0.8&apos;, os.name: &apos;Windows 10&apos;, os.arch: &apos;amd64&apos;, os.version: &apos;10.0&apos;, java.version: &apos;11.0.15&apos;
Driver info: org.openqa.selenium.chrome.ChromeDriver
Capabilities {acceptInsecureCerts: false, browserName: chrome, browserVersion: 104.0.5112.102, chrome: {chromedriverVersion: 104.0.5112.79 (3cf3e8c8a07d..., userDataDir: C:\Users\JESSIC~1.COR\AppDa...}, goog:chromeOptions: {debuggerAddress: localhost:59501}, javascriptEnabled: true, networkConnectionEnabled: false, pageLoadStrategy: normal, platform: WINDOWS, platformName: WINDOWS, proxy: Proxy(), setWindowRect: true, strictFileInteractability: false, timeouts: {implicit: 0, pageLoad: 300000, script: 30000}, unhandledPromptBehavior: dismiss and notify, webauthn:extension:credBlob: true, webauthn:extension:largeBlob: true, webauthn:virtualAuthenticators: true}
Session ID: 6ec458f522d9540bb5711174c6b281df" type="org.openqa.selenium.TimeoutException">org.openqa.selenium.TimeoutException: Expected condition failed: waiting for visibility of all elements located by By.xpath: //input[@id=&apos;selectsilver&apos;]/../span (tried for 10 second(s) with 500 milliseconds interval)
Build info: version: &apos;3.141.59&apos;, revision: &apos;e82be7d358&apos;, time: &apos;2018-11-14T08:17:03&apos;
System info: host: &apos;CPX-VQI6RIF19M6&apos;, ip: &apos;192.168.0.8&apos;, os.name: &apos;Windows 10&apos;, os.arch: &apos;amd64&apos;, os.version: &apos;10.0&apos;, java.version: &apos;11.0.15&apos;
Driver info: org.openqa.selenium.chrome.ChromeDriver
Capabilities {acceptInsecureCerts: false, browserName: chrome, browserVersion: 104.0.5112.102, chrome: {chromedriverVersion: 104.0.5112.79 (3cf3e8c8a07d..., userDataDir: C:\Users\JESSIC~1.COR\AppDa...}, goog:chromeOptions: {debuggerAddress: localhost:59501}, javascriptEnabled: true, networkConnectionEnabled: false, pageLoadStrategy: normal, platform: WINDOWS, platformName: WINDOWS, proxy: Proxy(), setWindowRect: true, strictFileInteractability: false, timeouts: {implicit: 0, pageLoad: 300000, script: 30000}, unhandledPromptBehavior: dismiss and notify, webauthn:extension:credBlob: true, webauthn:extension:largeBlob: true, webauthn:virtualAuthenticators: true}
Session ID: 6ec458f522d9540bb5711174c6b281df
	at org.openqa.selenium.support.ui.WebDriverWait.timeoutException(WebDriverWait.java:95)
	at org.openqa.selenium.support.ui.FluentWait.until(FluentWait.java:272)
	at Tools.BasePage.Wait(BasePage.java:16)
	at PageObjects.PageObjectElementsSelectPriceOption.RadioButtonSilver(PageObjectElementsSelectPriceOption.java:12)
	at PageObjects.PageObjectElementsSelectPriceOption.FillsTheFormOfTheTabSelectPriceOption(PageObjectElementsSelectPriceOption.java:26)
	at Steps.SubmitSampleAppForm.FillTheFormOfTheTabSelectPriceOption(SubmitSampleAppForm.java:67)
	at ✽.preencho o formulario da aba Select Price Option(file:///C:/AutomationSampleApp/AutomationSampleApp/src/test/resources/features/SubmitSampleAppForm.feature:13)
</error>
    <system-out>
Cenario: Preencher e enviar os formularios do Automobile para entao validar a mensagem de sucesso # src/test/resources/features/SubmitSampleAppForm.feature:5
  Dado que estou no site Sample App                                                               # Steps.SubmitSampleAppForm.ImOnTheSampleAppSite()
  Quando Preencho o formulario da aba enter Vehicle Data                                          # Steps.SubmitSampleAppForm.FillTheFormOfTheTabDateEnterVehicle()
  E clico em Next do formulario enter Vehicle Data                                                # Steps.SubmitSampleAppForm.ImClickOnNextOfTheFormEnterVehicleData()
  E preencho o formulario da aba enter Insurant Data                                              # Steps.SubmitSampleAppForm.FillTheFormOfTheTabDateEnterInsurant()
  E clico em Next do formulario enter Insurant Data                                               # Steps.SubmitSampleAppForm.ImClickOnNextOfTheFormEnterInsurantData()
  E preencho o formulario da aba enter Product Data                                               # Steps.SubmitSampleAppForm.FillTheFormOfTheTabDateEnterProduct()
  E clico em Next do formulario enter Product Data                                                # Steps.SubmitSampleAppForm.ImClickOnNextOfTheFormEnterProductData()
  E preencho o formulario da aba Select Price Option                                              # Steps.SubmitSampleAppForm.FillTheFormOfTheTabSelectPriceOption()
      org.openqa.selenium.TimeoutException: Expected condition failed: waiting for visibility of all elements located by By.xpath: //input[@id=&apos;selectsilver&apos;]/../span (tried for 10 second(s) with 500 milliseconds interval)
Build info: version: &apos;3.141.59&apos;, revision: &apos;e82be7d358&apos;, time: &apos;2018-11-14T08:17:03&apos;
System info: host: &apos;CPX-VQI6RIF19M6&apos;, ip: &apos;192.168.0.8&apos;, os.name: &apos;Windows 10&apos;, os.arch: &apos;amd64&apos;, os.version: &apos;10.0&apos;, java.version: &apos;11.0.15&apos;
Driver info: org.openqa.selenium.chrome.ChromeDriver
Capabilities {acceptInsecureCerts: false, browserName: chrome, browserVersion: 104.0.5112.102, chrome: {chromedriverVersion: 104.0.5112.79 (3cf3e8c8a07d..., userDataDir: C:\Users\JESSIC~1.COR\AppDa...}, goog:chromeOptions: {debuggerAddress: localhost:59501}, javascriptEnabled: true, networkConnectionEnabled: false, pageLoadStrategy: normal, platform: WINDOWS, platformName: WINDOWS, proxy: Proxy(), setWindowRect: true, strictFileInteractability: false, timeouts: {implicit: 0, pageLoad: 300000, script: 30000}, unhandledPromptBehavior: dismiss and notify, webauthn:extension:credBlob: true, webauthn:extension:largeBlob: true, webauthn:virtualAuthenticators: true}
Session ID: 6ec458f522d9540bb5711174c6b281df
	at org.openqa.selenium.support.ui.WebDriverWait.timeoutException(WebDriverWait.java:95)
	at org.openqa.selenium.support.ui.FluentWait.until(FluentWait.java:272)
	at Tools.BasePage.Wait(BasePage.java:16)
	at PageObjects.PageObjectElementsSelectPriceOption.RadioButtonSilver(PageObjectElementsSelectPriceOption.java:12)
	at PageObjects.PageObjectElementsSelectPriceOption.FillsTheFormOfTheTabSelectPriceOption(PageObjectElementsSelectPriceOption.java:26)
	at Steps.SubmitSampleAppForm.FillTheFormOfTheTabSelectPriceOption(SubmitSampleAppForm.java:67)
	at ?.preencho o formulario da aba Select Price Option(file:///C:/AutomationSampleApp/AutomationSampleApp/src/test/resources/features/SubmitSampleAppForm.feature:13)

  E clico em Next da aba Select Price Option                                                      # Steps.SubmitSampleAppForm.ImClickOnNextOfTheFormSelectPriceOption()
  E preencho  o formulario da aba Send Quote                                                      # Steps.SubmitSampleAppForm.FillTheFormOfTheTabSendQuote()
  E clico em Send da aba Select Send Quote                                                        # Steps.SubmitSampleAppForm.ImClickOnNextOfTheFormSendQuote()
  Entao e exibido a mensagem &quot;Sending e-mail success!&quot;                                            # Steps.SubmitSampleAppForm.TheMessageIsDisplayed(java.lang.String)
</system-out>
    <system-err>ago 31, 2022 11:43:49 AM io.cucumber.junit.Cucumber &lt;init&gt;
WARNING: By default Cucumber is running in --non-strict mode.
This default will change to --strict and --non-strict will be removed.
You can use --strict or @CucumberOptions(strict = true) to suppress this warning
Starting ChromeDriver 104.0.5112.79 (3cf3e8c8a07d104b9e1260c910efb8f383285dc5-refs/branch-heads/5112@{#1307}) on port 33834
Only local connections are allowed.
Please see https://chromedriver.chromium.org/security-considerations for suggestions on keeping ChromeDriver safe.
ChromeDriver was started successfully.
ago 31, 2022 11:43:52 AM org.openqa.selenium.remote.ProtocolHandshake createSession
INFO: Detected dialect: W3C
</system-err>
  </testcase>
  <testcase classname="Como usuario eu quero preencher e enviar os formularios do Automobile e por fim receber a mensagem de sucesso" name="Validar mensagem de sucesso ao enviar formulario diretamente" time="33.338">
    <error message="Expected condition failed: waiting for visibility of all elements located by By.xpath: //input[@id=&apos;selectsilver&apos;]/../span (tried for 10 second(s) with 500 milliseconds interval)
Build info: version: &apos;3.141.59&apos;, revision: &apos;e82be7d358&apos;, time: &apos;2018-11-14T08:17:03&apos;
System info: host: &apos;CPX-VQI6RIF19M6&apos;, ip: &apos;192.168.0.8&apos;, os.name: &apos;Windows 10&apos;, os.arch: &apos;amd64&apos;, os.version: &apos;10.0&apos;, java.version: &apos;11.0.15&apos;
Driver info: org.openqa.selenium.chrome.ChromeDriver
Capabilities {acceptInsecureCerts: false, browserName: chrome, browserVersion: 104.0.5112.102, chrome: {chromedriverVersion: 104.0.5112.79 (3cf3e8c8a07d..., userDataDir: C:\Users\JESSIC~1.COR\AppDa...}, goog:chromeOptions: {debuggerAddress: localhost:59559}, javascriptEnabled: true, networkConnectionEnabled: false, pageLoadStrategy: normal, platform: WINDOWS, platformName: WINDOWS, proxy: Proxy(), setWindowRect: true, strictFileInteractability: false, timeouts: {implicit: 0, pageLoad: 300000, script: 30000}, unhandledPromptBehavior: dismiss and notify, webauthn:extension:credBlob: true, webauthn:extension:largeBlob: true, webauthn:virtualAuthenticators: true}
Session ID: ad502d3b636ff72df21c85d53a259f53" type="org.openqa.selenium.TimeoutException">org.openqa.selenium.TimeoutException: Expected condition failed: waiting for visibility of all elements located by By.xpath: //input[@id=&apos;selectsilver&apos;]/../span (tried for 10 second(s) with 500 milliseconds interval)
Build info: version: &apos;3.141.59&apos;, revision: &apos;e82be7d358&apos;, time: &apos;2018-11-14T08:17:03&apos;
System info: host: &apos;CPX-VQI6RIF19M6&apos;, ip: &apos;192.168.0.8&apos;, os.name: &apos;Windows 10&apos;, os.arch: &apos;amd64&apos;, os.version: &apos;10.0&apos;, java.version: &apos;11.0.15&apos;
Driver info: org.openqa.selenium.chrome.ChromeDriver
Capabilities {acceptInsecureCerts: false, browserName: chrome, browserVersion: 104.0.5112.102, chrome: {chromedriverVersion: 104.0.5112.79 (3cf3e8c8a07d..., userDataDir: C:\Users\JESSIC~1.COR\AppDa...}, goog:chromeOptions: {debuggerAddress: localhost:59559}, javascriptEnabled: true, networkConnectionEnabled: false, pageLoadStrategy: normal, platform: WINDOWS, platformName: WINDOWS, proxy: Proxy(), setWindowRect: true, strictFileInteractability: false, timeouts: {implicit: 0, pageLoad: 300000, script: 30000}, unhandledPromptBehavior: dismiss and notify, webauthn:extension:credBlob: true, webauthn:extension:largeBlob: true, webauthn:virtualAuthenticators: true}
Session ID: ad502d3b636ff72df21c85d53a259f53
	at org.openqa.selenium.support.ui.WebDriverWait.timeoutException(WebDriverWait.java:95)
	at org.openqa.selenium.support.ui.FluentWait.until(FluentWait.java:272)
	at Tools.BasePage.Wait(BasePage.java:16)
	at PageObjects.PageObjectElementsSelectPriceOption.RadioButtonSilver(PageObjectElementsSelectPriceOption.java:12)
	at PageObjects.PageObjectElementsSelectPriceOption.FillsTheFormOfTheTabSelectPriceOption(PageObjectElementsSelectPriceOption.java:26)
	at Steps.SubmitSampleAppForm.FillTheFormsTabs(SubmitSampleAppForm.java:93)
	at ✽.Preencho as abas de formularios(file:///C:/AutomationSampleApp/AutomationSampleApp/src/test/resources/features/SubmitSampleAppForm.feature:21)
</error>
    <system-out>
Cenario: Validar mensagem de sucesso ao enviar formulario diretamente # src/test/resources/features/SubmitSampleAppForm.feature:19
  Dado que estou no site Sample App                                   # Steps.SubmitSampleAppForm.ImOnTheSampleAppSite()
  Quando Preencho as abas de formularios                              # Steps.SubmitSampleAppForm.FillTheFormsTabs()
      org.openqa.selenium.TimeoutException: Expected condition failed: waiting for visibility of all elements located by By.xpath: //input[@id=&apos;selectsilver&apos;]/../span (tried for 10 second(s) with 500 milliseconds interval)
Build info: version: &apos;3.141.59&apos;, revision: &apos;e82be7d358&apos;, time: &apos;2018-11-14T08:17:03&apos;
System info: host: &apos;CPX-VQI6RIF19M6&apos;, ip: &apos;192.168.0.8&apos;, os.name: &apos;Windows 10&apos;, os.arch: &apos;amd64&apos;, os.version: &apos;10.0&apos;, java.version: &apos;11.0.15&apos;
Driver info: org.openqa.selenium.chrome.ChromeDriver
Capabilities {acceptInsecureCerts: false, browserName: chrome, browserVersion: 104.0.5112.102, chrome: {chromedriverVersion: 104.0.5112.79 (3cf3e8c8a07d..., userDataDir: C:\Users\JESSIC~1.COR\AppDa...}, goog:chromeOptions: {debuggerAddress: localhost:59559}, javascriptEnabled: true, networkConnectionEnabled: false, pageLoadStrategy: normal, platform: WINDOWS, platformName: WINDOWS, proxy: Proxy(), setWindowRect: true, strictFileInteractability: false, timeouts: {implicit: 0, pageLoad: 300000, script: 30000}, unhandledPromptBehavior: dismiss and notify, webauthn:extension:credBlob: true, webauthn:extension:largeBlob: true, webauthn:virtualAuthenticators: true}
Session ID: ad502d3b636ff72df21c85d53a259f53
	at org.openqa.selenium.support.ui.WebDriverWait.timeoutException(WebDriverWait.java:95)
	at org.openqa.selenium.support.ui.FluentWait.until(FluentWait.java:272)
	at Tools.BasePage.Wait(BasePage.java:16)
	at PageObjects.PageObjectElementsSelectPriceOption.RadioButtonSilver(PageObjectElementsSelectPriceOption.java:12)
	at PageObjects.PageObjectElementsSelectPriceOption.FillsTheFormOfTheTabSelectPriceOption(PageObjectElementsSelectPriceOption.java:26)
	at Steps.SubmitSampleAppForm.FillTheFormsTabs(SubmitSampleAppForm.java:93)
	at ?.Preencho as abas de formularios(file:///C:/AutomationSampleApp/AutomationSampleApp/src/test/resources/features/SubmitSampleAppForm.feature:21)

  Entao e exibido a mensagem &quot;Sending e-mail success!&quot;                # Steps.SubmitSampleAppForm.TheMessageIsDisplayed(java.lang.String)
</system-out>
    <system-err>Starting ChromeDriver 104.0.5112.79 (3cf3e8c8a07d104b9e1260c910efb8f383285dc5-refs/branch-heads/5112@{#1307}) on port 24599
Only local connections are allowed.
Please see https://chromedriver.chromium.org/security-considerations for suggestions on keeping ChromeDriver safe.
ChromeDriver was started successfully.
ago 31, 2022 11:44:30 AM org.openqa.selenium.remote.ProtocolHandshake createSession
INFO: Detected dialect: W3C
</system-err>
  </testcase>
</testsuite>